2025-04-08 08:03:53,053 - INFO - Bước 1: Kiểm tra cấu hình môi trường...
2025-04-08 08:03:53,054 - WARNING - Không thể tải cấu hình từ config.py, đang sử dụng biến môi trường.
2025-04-08 08:03:53,054 - INFO - Bước 2: Kiểm tra kết nối đến cơ sở dữ liệu...
2025-04-08 08:03:53,802 - INFO - Kết nối đến cơ sở dữ liệu thành công!
2025-04-08 08:03:53,802 - INFO - Bước 3: Thiết lập các bảng...
2025-04-08 08:03:53,802 - ERROR - Không thể import models. Vui lòng kiểm tra file models.py
2025-04-08 08:03:53,802 - ERROR - Không thể thiết lập các bảng. Vui lòng kiểm tra lỗi và thử lại.
2025-04-08 08:05:33,795 - INFO - Bước 1: Kiểm tra cấu hình môi trường...
2025-04-08 08:05:33,795 - WARNING - Không thể tải cấu hình từ config.py, đang sử dụng biến môi trường.
2025-04-08 08:05:33,795 - INFO - Bước 2: Kiểm tra kết nối đến cơ sở dữ liệu...
2025-04-08 08:05:33,872 - INFO - Kết nối đến cơ sở dữ liệu thành công!
2025-04-08 08:05:33,872 - INFO - Bước 3: Thiết lập các bảng...
2025-04-08 08:05:33,872 - ERROR - Không thể import models. Vui lòng kiểm tra file models.py
2025-04-08 08:05:33,872 - ERROR - Không thể thiết lập các bảng. Vui lòng kiểm tra lỗi và thử lại.
2025-04-08 08:31:44,892 - INFO - Bước 1: Kiểm tra cấu hình môi trường...
2025-04-08 08:31:44,893 - WARNING - Không thể tải cấu hình từ config.py, đang sử dụng biến môi trường.
2025-04-08 08:31:44,893 - INFO - Bước 2: Kiểm tra kết nối đến cơ sở dữ liệu...
2025-04-08 08:31:44,990 - INFO - Kết nối đến cơ sở dữ liệu thành công!
2025-04-08 08:31:44,990 - INFO - Bước 3: Thiết lập các bảng...
2025-04-08 08:31:44,990 - ERROR - Không thể import models. Vui lòng kiểm tra file models.py
2025-04-08 08:31:44,990 - ERROR - Không thể thiết lập các bảng. Vui lòng kiểm tra lỗi và thử lại.
2025-04-08 08:32:40,259 - INFO - Bước 1: Kiểm tra cấu hình môi trường...
2025-04-08 08:32:40,260 - WARNING - Không thể tải cấu hình từ config.py, đang sử dụng biến môi trường.
2025-04-08 08:32:40,260 - INFO - Bước 2: Kiểm tra kết nối đến cơ sở dữ liệu...
2025-04-08 08:32:40,338 - INFO - Kết nối đến cơ sở dữ liệu thành công!
2025-04-08 08:32:40,338 - INFO - Bước 3: Thiết lập các bảng...
2025-04-08 08:32:40,338 - ERROR - Không thể import models. Vui lòng kiểm tra file models.py
2025-04-08 08:32:40,338 - ERROR - Không thể thiết lập các bảng. Vui lòng kiểm tra lỗi và thử lại.
2025-04-08 08:40:18,983 - INFO - Bước 1: Kiểm tra cấu hình môi trường...
2025-04-08 08:40:18,984 - WARNING - Không thể tải cấu hình từ config.py, đang sử dụng biến môi trường.
2025-04-08 08:40:18,984 - INFO - Bước 2: Kiểm tra kết nối đến cơ sở dữ liệu...
2025-04-08 08:40:19,066 - INFO - Kết nối đến cơ sở dữ liệu thành công!
2025-04-08 08:40:19,066 - INFO - Bước 3: Thiết lập các bảng...
2025-04-08 08:40:19,066 - ERROR - Không thể import models. Vui lòng kiểm tra file models.py
2025-04-08 08:40:19,066 - ERROR - Không thể thiết lập các bảng. Vui lòng kiểm tra lỗi và thử lại.
2025-04-08 08:40:33,728 - INFO - Bước 1: Kiểm tra cấu hình môi trường...
2025-04-08 08:40:33,729 - WARNING - Không thể tải cấu hình từ config.py, đang sử dụng biến môi trường.
2025-04-08 08:40:33,729 - INFO - Bước 2: Kiểm tra kết nối đến cơ sở dữ liệu...
2025-04-08 08:40:33,804 - INFO - Kết nối đến cơ sở dữ liệu thành công!
2025-04-08 08:40:33,804 - INFO - Bước 3: Thiết lập các bảng...
2025-04-08 08:40:33,804 - ERROR - Không thể import models. Vui lòng kiểm tra file models.py
2025-04-08 08:40:33,804 - ERROR - Không thể thiết lập các bảng. Vui lòng kiểm tra lỗi và thử lại.
2025-04-08 08:42:31,234 - INFO - Bước 1: Kiểm tra cấu hình môi trường...
2025-04-08 08:42:31,236 - WARNING - Không thể tải cấu hình từ config.py, đang sử dụng biến môi trường.
2025-04-08 08:42:31,236 - INFO - Bước 2: Kiểm tra kết nối đến cơ sở dữ liệu...
2025-04-08 08:42:31,313 - INFO - Kết nối đến cơ sở dữ liệu thành công!
2025-04-08 08:42:31,313 - INFO - Bước 3: Thiết lập các bảng...
2025-04-08 08:42:31,313 - ERROR - Không thể import models. Vui lòng kiểm tra file models.py
2025-04-08 08:42:31,313 - ERROR - Không thể thiết lập các bảng. Vui lòng kiểm tra lỗi và thử lại.
2025-04-08 08:42:56,353 - ERROR - Lỗi khi thiết lập database: [Errno 2] No such file or directory: 'init-db/01_init.sql'
2025-04-08 08:43:03,758 - ERROR - Lỗi khi thiết lập database: [Errno 2] No such file or directory: 'init-db/01_init.sql'
2025-04-08 08:43:20,474 - INFO - Bước 1: Kiểm tra cấu hình môi trường...
2025-04-08 08:43:20,474 - WARNING - Không thể tải cấu hình từ config.py, đang sử dụng biến môi trường.
2025-04-08 08:43:20,475 - INFO - Bước 2: Kiểm tra kết nối đến cơ sở dữ liệu...
2025-04-08 08:43:20,585 - INFO - Kết nối đến cơ sở dữ liệu thành công!
2025-04-08 08:43:20,586 - INFO - Bước 3: Thiết lập các bảng...
2025-04-08 08:43:20,586 - ERROR - Không thể import models. Vui lòng kiểm tra file models.py
2025-04-08 08:43:20,586 - ERROR - Không thể thiết lập các bảng. Vui lòng kiểm tra lỗi và thử lại.
2025-04-08 08:48:22,175 - INFO - Bước 1: Kiểm tra cấu hình môi trường...
2025-04-08 08:48:22,175 - WARNING - Không thể tải cấu hình từ config.py, đang sử dụng biến môi trường.
2025-04-08 08:48:22,175 - INFO - Bước 2: Kiểm tra kết nối đến cơ sở dữ liệu...
2025-04-08 08:48:22,257 - INFO - Kết nối đến cơ sở dữ liệu thành công!
2025-04-08 08:48:22,257 - INFO - Bước 3: Thiết lập các bảng...
2025-04-08 08:48:22,257 - ERROR - Không thể import models. Vui lòng kiểm tra file models.py
2025-04-08 08:48:22,257 - ERROR - Không thể thiết lập các bảng. Vui lòng kiểm tra lỗi và thử lại.
2025-04-08 08:50:10,863 - INFO - Bước 1: Kiểm tra cấu hình môi trường...
2025-04-08 08:50:10,864 - WARNING - Không thể tải cấu hình từ config.py, đang sử dụng biến môi trường.
2025-04-08 08:50:10,864 - INFO - Bước 2: Kiểm tra kết nối đến cơ sở dữ liệu...
2025-04-08 08:50:10,935 - INFO - Kết nối đến cơ sở dữ liệu thành công!
2025-04-08 08:50:10,935 - INFO - Bước 3: Thiết lập các bảng...
2025-04-08 08:50:10,935 - ERROR - Không thể import models. Vui lòng kiểm tra file models.py
2025-04-08 08:50:10,935 - ERROR - Không thể thiết lập các bảng. Vui lòng kiểm tra lỗi và thử lại.
