2025-03-31 02:24:33,426 - INFO - Đã kết nối thành công đến database: postgresql://postgres:1234@localhost:5433/iot_db
2025-03-31 02:24:33,427 - INFO - Bắt đầu giải nén dữ liệu...
2025-03-31 02:24:33,478 - ERROR - Lỗi khi tải templates: the JSON object must be str, bytes or bytearray, not dict
2025-03-31 02:24:33,481 - ERROR - Lỗi khi tải mẫu dữ liệu gốc: the JSON object must be str, bytes or bytearray, not dict
2025-03-31 02:24:33,482 - ERROR - Lỗi khi tải dữ liệu nén: the JSON object must be str, bytes or bytearray, not dict
2025-03-31 02:24:33,482 - INFO - Đã giải nén 0 điểm dữ liệu
2025-03-31 02:24:33,482 - INFO - Đã lưu 0 điểm dữ liệu đã giải nén vào file data.csv
2025-03-31 02:24:33,486 - INFO - Đã lưu dữ liệu dạng CSV vào file data.csv
2025-03-31 02:27:27,760 - INFO - Đã kết nối thành công đến database: postgresql://postgres:1234@localhost:5433/iot_db
2025-03-31 02:27:27,760 - INFO - Bắt đầu giải nén dữ liệu...
2025-03-31 02:27:27,789 - INFO - Đã tải 19 templates từ database
2025-03-31 02:27:27,792 - INFO - Đã tải 141 mẫu dữ liệu gốc từ database
2025-03-31 02:27:27,794 - INFO - Đã tải 19 bản ghi dữ liệu nén từ database
2025-03-31 02:27:27,794 - INFO - Đã giải nén 19 điểm dữ liệu
2025-03-31 02:27:27,794 - INFO - Đã lưu 19 điểm dữ liệu đã giải nén vào file decompressed_data.json
2025-03-31 02:30:38,620 - DEBUG - Đã bật chế độ DEBUG
2025-03-31 02:30:38,644 - INFO - Đã kết nối thành công đến database: postgresql://postgres:1234@localhost:5433/iot_db
2025-03-31 02:30:38,645 - INFO - Bắt đầu giải nén dữ liệu...
2025-03-31 02:30:38,695 - INFO - Đang xử lý 0 bản ghi để tìm templates
2025-03-31 02:30:38,696 - DEBUG - Không tìm thấy bảng templates riêng
2025-03-31 02:30:38,696 - INFO - Đã tải 0 templates, 0 template_ids từ database
2025-03-31 02:30:38,698 - INFO - Đã tải 141 mẫu dữ liệu gốc từ database
2025-03-31 02:30:38,699 - INFO - Đã tải 19 bản ghi dữ liệu nén từ database
2025-03-31 02:30:38,699 - DEBUG - Đang giải nén điểm dữ liệu: {'device_id': 'sensor_01', 'timestamp': '2025-03-31T02:11:01.202996', 'template_id': 0, 'template_data': 0, 'record_id': 908, 'timestamp_db': '2025-03-31T02:11:01.203216'}
2025-03-31 02:30:38,699 - DEBUG - Không tìm thấy template phù hợp, để readings rỗng
2025-03-31 02:30:38,699 - DEBUG - Đang giải nén điểm dữ liệu: {'device_id': 'sensor_01', 'timestamp': '2025-03-31T02:11:01.206573', 'template_id': 1, 'template_data': 1, 'record_id': 909, 'timestamp_db': '2025-03-31T02:11:01.206674'}
2025-03-31 02:30:38,699 - DEBUG - Không tìm thấy template phù hợp, để readings rỗng
2025-03-31 02:30:38,699 - DEBUG - Đang giải nén điểm dữ liệu: {'device_id': 'sensor_01', 'timestamp': '2025-03-31T02:11:01.207413', 'template_id': 2, 'template_data': 2, 'record_id': 910, 'timestamp_db': '2025-03-31T02:11:01.207510'}
2025-03-31 02:30:38,699 - DEBUG - Không tìm thấy template phù hợp, để readings rỗng
2025-03-31 02:30:38,699 - DEBUG - Đang giải nén điểm dữ liệu: {'device_id': 'sensor_01', 'timestamp': '2025-03-31T02:11:01.208236', 'template_id': 3, 'template_data': 3, 'record_id': 911, 'timestamp_db': '2025-03-31T02:11:01.208327'}
2025-03-31 02:30:38,699 - DEBUG - Không tìm thấy template phù hợp, để readings rỗng
2025-03-31 02:30:38,699 - DEBUG - Đang giải nén điểm dữ liệu: {'device_id': 'sensor_01', 'timestamp': '2025-03-31T02:11:01.209079', 'template_id': 4, 'template_data': 4, 'record_id': 912, 'timestamp_db': '2025-03-31T02:11:01.209193'}
2025-03-31 02:30:38,699 - DEBUG - Không tìm thấy template phù hợp, để readings rỗng
2025-03-31 02:30:38,699 - DEBUG - Đang giải nén điểm dữ liệu: {'device_id': 'sensor_01', 'timestamp': '2025-03-31T02:11:01.209954', 'template_id': 5, 'template_data': 5, 'record_id': 913, 'timestamp_db': '2025-03-31T02:11:01.210049'}
2025-03-31 02:30:38,699 - DEBUG - Không tìm thấy template phù hợp, để readings rỗng
2025-03-31 02:30:38,699 - DEBUG - Đang giải nén điểm dữ liệu: {'device_id': 'sensor_01', 'timestamp': '2025-03-31T02:11:01.213138', 'template_id': 6, 'template_data': 6, 'record_id': 914, 'timestamp_db': '2025-03-31T02:11:01.213237'}
2025-03-31 02:30:38,700 - DEBUG - Không tìm thấy template phù hợp, để readings rỗng
2025-03-31 02:30:38,700 - DEBUG - Đang giải nén điểm dữ liệu: {'device_id': 'sensor_01', 'timestamp': '2025-03-31T02:11:01.214264', 'template_id': 7, 'template_data': 7, 'record_id': 915, 'timestamp_db': '2025-03-31T02:11:01.214440'}
2025-03-31 02:30:38,700 - DEBUG - Không tìm thấy template phù hợp, để readings rỗng
2025-03-31 02:30:38,700 - DEBUG - Đang giải nén điểm dữ liệu: {'device_id': 'sensor_01', 'timestamp': '2025-03-31T02:11:01.215151', 'template_id': 8, 'template_data': 8, 'record_id': 916, 'timestamp_db': '2025-03-31T02:11:01.215249'}
2025-03-31 02:30:38,700 - DEBUG - Không tìm thấy template phù hợp, để readings rỗng
2025-03-31 02:30:38,700 - DEBUG - Đang giải nén điểm dữ liệu: {'device_id': 'sensor_01', 'timestamp': '2025-03-31T02:11:01.215886', 'template_id': 9, 'template_data': 9, 'record_id': 917, 'timestamp_db': '2025-03-31T02:11:01.215975'}
2025-03-31 02:30:38,700 - DEBUG - Không tìm thấy template phù hợp, để readings rỗng
2025-03-31 02:30:38,700 - DEBUG - Đang giải nén điểm dữ liệu: {'device_id': 'sensor_01', 'timestamp': '2025-03-31T02:11:01.216628', 'template_id': 10, 'template_data': 10, 'record_id': 918, 'timestamp_db': '2025-03-31T02:11:01.216715'}
2025-03-31 02:30:38,700 - DEBUG - Không tìm thấy template phù hợp, để readings rỗng
2025-03-31 02:30:38,700 - DEBUG - Đang giải nén điểm dữ liệu: {'device_id': 'sensor_01', 'timestamp': '2025-03-31T02:11:01.217415', 'template_id': 11, 'template_data': 11, 'record_id': 919, 'timestamp_db': '2025-03-31T02:11:01.217504'}
2025-03-31 02:30:38,700 - DEBUG - Không tìm thấy template phù hợp, để readings rỗng
2025-03-31 02:30:38,700 - DEBUG - Đang giải nén điểm dữ liệu: {'device_id': 'sensor_01', 'timestamp': '2025-03-31T02:11:01.218173', 'template_id': 12, 'template_data': 12, 'record_id': 920, 'timestamp_db': '2025-03-31T02:11:01.218263'}
2025-03-31 02:30:38,700 - DEBUG - Không tìm thấy template phù hợp, để readings rỗng
2025-03-31 02:30:38,700 - DEBUG - Đang giải nén điểm dữ liệu: {'device_id': 'sensor_01', 'timestamp': '2025-03-31T02:11:01.219167', 'template_id': 13, 'template_data': 13, 'record_id': 921, 'timestamp_db': '2025-03-31T02:11:01.219301'}
2025-03-31 02:30:38,700 - DEBUG - Không tìm thấy template phù hợp, để readings rỗng
2025-03-31 02:30:38,700 - DEBUG - Đang giải nén điểm dữ liệu: {'device_id': 'sensor_01', 'timestamp': '2025-03-31T02:11:01.220618', 'template_id': 14, 'template_data': 14, 'record_id': 922, 'timestamp_db': '2025-03-31T02:11:01.220843'}
2025-03-31 02:30:38,700 - DEBUG - Không tìm thấy template phù hợp, để readings rỗng
2025-03-31 02:30:38,700 - DEBUG - Đang giải nén điểm dữ liệu: {'device_id': 'sensor_01', 'timestamp': '2025-03-31T02:11:01.221688', 'template_id': 15, 'template_data': 15, 'record_id': 923, 'timestamp_db': '2025-03-31T02:11:01.221787'}
2025-03-31 02:30:38,700 - DEBUG - Không tìm thấy template phù hợp, để readings rỗng
2025-03-31 02:30:38,700 - DEBUG - Đang giải nén điểm dữ liệu: {'device_id': 'sensor_01', 'timestamp': '2025-03-31T02:11:01.222441', 'template_id': 16, 'template_data': 16, 'record_id': 924, 'timestamp_db': '2025-03-31T02:11:01.222537'}
2025-03-31 02:30:38,700 - DEBUG - Không tìm thấy template phù hợp, để readings rỗng
2025-03-31 02:30:38,700 - DEBUG - Đang giải nén điểm dữ liệu: {'device_id': 'sensor_01', 'timestamp': '2025-03-31T02:11:01.223181', 'template_id': 17, 'template_data': 17, 'record_id': 925, 'timestamp_db': '2025-03-31T02:11:01.223269'}
2025-03-31 02:30:38,700 - DEBUG - Không tìm thấy template phù hợp, để readings rỗng
2025-03-31 02:30:38,700 - DEBUG - Đang giải nén điểm dữ liệu: {'device_id': 'sensor_01', 'timestamp': '2025-03-31T02:11:01.223943', 'template_id': 18, 'template_data': 18, 'record_id': 926, 'timestamp_db': '2025-03-31T02:11:01.224030'}
2025-03-31 02:30:38,700 - DEBUG - Không tìm thấy template phù hợp, để readings rỗng
2025-03-31 02:30:38,700 - INFO - Đã giải nén 19 điểm dữ liệu
2025-03-31 02:30:38,700 - INFO - Đã lưu 19 điểm dữ liệu đã giải nén vào file data.json
2025-03-31 02:34:14,510 - DEBUG - Đã bật chế độ debug
2025-03-31 02:34:14,560 - INFO - Đã kết nối thành công đến PostgreSQL database: postgresql://postgres:1234@localhost:5433/iot_db
2025-03-31 02:34:14,562 - DEBUG - Tạo template 0 từ bản ghi 1: [22.062, 68.407, 1013.713, 10.123, 98]
2025-03-31 02:34:14,563 - DEBUG - Tạo template 1 từ bản ghi 2: [22.659, 70.117, 1014.141, 10.945, 100]
2025-03-31 02:34:14,563 - DEBUG - Tạo template 2 từ bản ghi 3: [21.963, 69.043, 1013.775, 9.406, 100]
2025-03-31 02:34:14,563 - DEBUG - Tạo template 3 từ bản ghi 4: [22.054, 69.865, 1013.912, 10.92, 100]
2025-03-31 02:34:14,563 - DEBUG - Tạo template 4 từ bản ghi 5: [22.237, 68.783, 1013.758, 9.728, 99]
2025-03-31 02:34:14,563 - INFO - Đã tạo 141 templates từ original_samples
2025-03-31 02:34:14,565 - DEBUG - Ánh xạ template_id=0 -> template=0
2025-03-31 02:34:14,565 - DEBUG - Ánh xạ template_id=1 -> template=1
2025-03-31 02:34:14,565 - DEBUG - Ánh xạ template_id=2 -> template=2
2025-03-31 02:34:14,565 - DEBUG - Ánh xạ template_id=3 -> template=3
2025-03-31 02:34:14,565 - DEBUG - Ánh xạ template_id=4 -> template=4
2025-03-31 02:34:14,565 - DEBUG - Ánh xạ template_id=5 -> template=5
2025-03-31 02:34:14,565 - DEBUG - Ánh xạ template_id=6 -> template=6
2025-03-31 02:34:14,565 - DEBUG - Ánh xạ template_id=7 -> template=7
2025-03-31 02:34:14,565 - DEBUG - Ánh xạ template_id=8 -> template=8
2025-03-31 02:34:14,565 - DEBUG - Ánh xạ template_id=9 -> template=9
2025-03-31 02:34:14,565 - DEBUG - Ánh xạ template_id=10 -> template=10
2025-03-31 02:34:14,565 - DEBUG - Ánh xạ template_id=11 -> template=11
2025-03-31 02:34:14,565 - DEBUG - Ánh xạ template_id=12 -> template=12
2025-03-31 02:34:14,565 - DEBUG - Ánh xạ template_id=13 -> template=13
2025-03-31 02:34:14,565 - DEBUG - Ánh xạ template_id=14 -> template=14
2025-03-31 02:34:14,565 - DEBUG - Ánh xạ template_id=15 -> template=15
2025-03-31 02:34:14,565 - DEBUG - Ánh xạ template_id=16 -> template=16
2025-03-31 02:34:14,565 - DEBUG - Ánh xạ template_id=17 -> template=17
2025-03-31 02:34:14,565 - DEBUG - Ánh xạ template_id=18 -> template=18
2025-03-31 02:34:14,565 - INFO - Đã ánh xạ 19 template_id từ compressed_data
2025-03-31 02:34:14,565 - INFO - Tổng số templates đã tải: 141
2025-03-31 02:34:14,565 - DEBUG - Template 0: [22.062, 68.407, 1013.713, 10.123, 98]
2025-03-31 02:34:14,565 - DEBUG - Template 1: [22.659, 70.117, 1014.141, 10.945, 100]
2025-03-31 02:34:14,565 - DEBUG - Template 2: [21.963, 69.043, 1013.775, 9.406, 100]
2025-03-31 02:34:14,565 - DEBUG - Template 3: [22.054, 69.865, 1013.912, 10.92, 100]
2025-03-31 02:34:14,565 - DEBUG - Template 4: [22.237, 68.783, 1013.758, 9.728, 99]
2025-03-31 02:34:14,567 - INFO - Đã tải 141 mẫu dữ liệu gốc từ original_samples
2025-03-31 02:34:14,568 - INFO - Đã tải 19 bản ghi dữ liệu nén từ database
2025-03-31 02:34:14,569 - DEBUG - Kết quả giải nén: device_id=sensor_01, timestamp=2025-03-31T02:11:01.202996, readings={}
2025-03-31 02:34:14,569 - DEBUG - Kết quả giải nén: device_id=sensor_01, timestamp=2025-03-31T02:11:01.206573, readings={}
2025-03-31 02:34:14,569 - DEBUG - Kết quả giải nén: device_id=sensor_01, timestamp=2025-03-31T02:11:01.207413, readings={}
2025-03-31 02:34:14,569 - DEBUG - Kết quả giải nén: device_id=sensor_01, timestamp=2025-03-31T02:11:01.208236, readings={}
2025-03-31 02:34:14,569 - DEBUG - Kết quả giải nén: device_id=sensor_01, timestamp=2025-03-31T02:11:01.209079, readings={}
2025-03-31 02:34:14,569 - DEBUG - Kết quả giải nén: device_id=sensor_01, timestamp=2025-03-31T02:11:01.209954, readings={}
2025-03-31 02:34:14,569 - DEBUG - Kết quả giải nén: device_id=sensor_01, timestamp=2025-03-31T02:11:01.213138, readings={}
2025-03-31 02:34:14,569 - DEBUG - Kết quả giải nén: device_id=sensor_01, timestamp=2025-03-31T02:11:01.214264, readings={}
2025-03-31 02:34:14,569 - DEBUG - Kết quả giải nén: device_id=sensor_01, timestamp=2025-03-31T02:11:01.215151, readings={}
2025-03-31 02:34:14,569 - DEBUG - Kết quả giải nén: device_id=sensor_01, timestamp=2025-03-31T02:11:01.215886, readings={}
2025-03-31 02:34:14,569 - DEBUG - Kết quả giải nén: device_id=sensor_01, timestamp=2025-03-31T02:11:01.216628, readings={}
2025-03-31 02:34:14,569 - DEBUG - Kết quả giải nén: device_id=sensor_01, timestamp=2025-03-31T02:11:01.217415, readings={}
2025-03-31 02:34:14,569 - DEBUG - Kết quả giải nén: device_id=sensor_01, timestamp=2025-03-31T02:11:01.218173, readings={}
2025-03-31 02:34:14,570 - DEBUG - Kết quả giải nén: device_id=sensor_01, timestamp=2025-03-31T02:11:01.219167, readings={}
2025-03-31 02:34:14,570 - DEBUG - Kết quả giải nén: device_id=sensor_01, timestamp=2025-03-31T02:11:01.220618, readings={}
2025-03-31 02:34:14,570 - DEBUG - Kết quả giải nén: device_id=sensor_01, timestamp=2025-03-31T02:11:01.221688, readings={}
2025-03-31 02:34:14,570 - DEBUG - Kết quả giải nén: device_id=sensor_01, timestamp=2025-03-31T02:11:01.222441, readings={}
2025-03-31 02:34:14,570 - DEBUG - Kết quả giải nén: device_id=sensor_01, timestamp=2025-03-31T02:11:01.223181, readings={}
2025-03-31 02:34:14,570 - DEBUG - Kết quả giải nén: device_id=sensor_01, timestamp=2025-03-31T02:11:01.223943, readings={}
2025-03-31 02:34:14,570 - INFO - Đã giải nén 19 điểm dữ liệu
2025-03-31 02:34:14,570 - INFO - Khoảng thời gian trong dữ liệu: 2025-03-31T02:11:01.202996 đến 2025-03-31T02:11:01.223943
2025-03-31 02:34:14,571 - INFO - Đã giải nén 19 điểm dữ liệu trong 0.01 giây
2025-03-31 02:34:14,571 - INFO - Dữ liệu đã được lưu vào data.json
2025-03-31 02:37:47,264 - DEBUG - Đã bật chế độ debug
2025-03-31 02:37:47,337 - INFO - Đã kết nối thành công đến PostgreSQL database: postgresql://postgres:1234@localhost:5433/iot_db
2025-03-31 02:37:47,340 - DEBUG - Tạo template 0 từ bản ghi 1: [22.062, 68.407, 1013.713, 10.123, 98]
2025-03-31 02:37:47,340 - DEBUG - Tạo template 1 từ bản ghi 2: [22.659, 70.117, 1014.141, 10.945, 100]
2025-03-31 02:37:47,340 - DEBUG - Tạo template 2 từ bản ghi 3: [21.963, 69.043, 1013.775, 9.406, 100]
2025-03-31 02:37:47,340 - DEBUG - Tạo template 3 từ bản ghi 4: [22.054, 69.865, 1013.912, 10.92, 100]
2025-03-31 02:37:47,340 - DEBUG - Tạo template 4 từ bản ghi 5: [22.237, 68.783, 1013.758, 9.728, 99]
2025-03-31 02:37:47,341 - INFO - Đã tạo 141 templates từ original_samples
2025-03-31 02:37:47,342 - DEBUG - Ánh xạ template_id=0 -> template=0
2025-03-31 02:37:47,342 - DEBUG - Ánh xạ template_id=1 -> template=1
2025-03-31 02:37:47,342 - DEBUG - Ánh xạ template_id=2 -> template=2
2025-03-31 02:37:47,342 - DEBUG - Ánh xạ template_id=3 -> template=3
2025-03-31 02:37:47,342 - DEBUG - Ánh xạ template_id=4 -> template=4
2025-03-31 02:37:47,342 - DEBUG - Ánh xạ template_id=5 -> template=5
2025-03-31 02:37:47,342 - DEBUG - Ánh xạ template_id=6 -> template=6
2025-03-31 02:37:47,342 - DEBUG - Ánh xạ template_id=7 -> template=7
2025-03-31 02:37:47,343 - DEBUG - Ánh xạ template_id=8 -> template=8
2025-03-31 02:37:47,343 - DEBUG - Ánh xạ template_id=9 -> template=9
2025-03-31 02:37:47,343 - DEBUG - Ánh xạ template_id=10 -> template=10
2025-03-31 02:37:47,343 - DEBUG - Ánh xạ template_id=11 -> template=11
2025-03-31 02:37:47,343 - DEBUG - Ánh xạ template_id=12 -> template=12
2025-03-31 02:37:47,343 - DEBUG - Ánh xạ template_id=13 -> template=13
2025-03-31 02:37:47,343 - DEBUG - Ánh xạ template_id=14 -> template=14
2025-03-31 02:37:47,343 - DEBUG - Ánh xạ template_id=15 -> template=15
2025-03-31 02:37:47,343 - DEBUG - Ánh xạ template_id=16 -> template=16
2025-03-31 02:37:47,343 - DEBUG - Ánh xạ template_id=17 -> template=17
2025-03-31 02:37:47,343 - DEBUG - Ánh xạ template_id=18 -> template=18
2025-03-31 02:37:47,343 - INFO - Đã ánh xạ 19 template_id từ compressed_data
2025-03-31 02:37:47,343 - INFO - Tổng số templates đã tải: 141
2025-03-31 02:37:47,344 - DEBUG - Template 0: [22.062, 68.407, 1013.713, 10.123, 98]
2025-03-31 02:37:47,344 - DEBUG - Template 1: [22.659, 70.117, 1014.141, 10.945, 100]
2025-03-31 02:37:47,344 - DEBUG - Template 2: [21.963, 69.043, 1013.775, 9.406, 100]
2025-03-31 02:37:47,344 - DEBUG - Template 3: [22.054, 69.865, 1013.912, 10.92, 100]
2025-03-31 02:37:47,344 - DEBUG - Template 4: [22.237, 68.783, 1013.758, 9.728, 99]
2025-03-31 02:37:47,345 - INFO - Đã tải 141 mẫu dữ liệu gốc từ original_samples
2025-03-31 02:37:47,346 - INFO - Đã tải 19 bản ghi dữ liệu nén từ database
2025-03-31 02:37:47,347 - DEBUG - Compressed data: {'device_id': 'sensor_01', 'timestamp': '2025-03-31T02:11:01.202996', 'template_id': 0, 'template_data': 0}
2025-03-31 02:37:47,347 - DEBUG - Đang giải nén điểm dữ liệu với template_id=0
2025-03-31 02:37:47,347 - DEBUG - Đã tìm thấy template 0: [22.062, 68.407, 1013.713, 10.123, 98]
2025-03-31 02:37:47,347 - DEBUG - Đã tìm thấy template 0 và trích xuất readings: {'temperature': 22.062, 'humidity': 68.407, 'pressure': 1013.713, 'power': 10.123, 'battery': 98}
2025-03-31 02:37:47,347 - DEBUG - Kết quả giải nén: device_id=sensor_01, timestamp=2025-03-31T02:11:01.202996, readings={'temperature': 22.062, 'humidity': 68.407, 'pressure': 1013.713, 'power': 10.123, 'battery': 98}
2025-03-31 02:37:47,347 - DEBUG - Compressed data: {'device_id': 'sensor_01', 'timestamp': '2025-03-31T02:11:01.206573', 'template_id': 1, 'template_data': 1}
2025-03-31 02:37:47,347 - DEBUG - Đang giải nén điểm dữ liệu với template_id=1
2025-03-31 02:37:47,347 - DEBUG - Đã tìm thấy template 1: [22.659, 70.117, 1014.141, 10.945, 100]
2025-03-31 02:37:47,347 - DEBUG - Đã tìm thấy template 1 và trích xuất readings: {'temperature': 22.659, 'humidity': 70.117, 'pressure': 1014.141, 'power': 10.945, 'battery': 100}
2025-03-31 02:37:47,347 - DEBUG - Kết quả giải nén: device_id=sensor_01, timestamp=2025-03-31T02:11:01.206573, readings={'temperature': 22.659, 'humidity': 70.117, 'pressure': 1014.141, 'power': 10.945, 'battery': 100}
2025-03-31 02:37:47,347 - DEBUG - Compressed data: {'device_id': 'sensor_01', 'timestamp': '2025-03-31T02:11:01.207413', 'template_id': 2, 'template_data': 2}
2025-03-31 02:37:47,347 - DEBUG - Đang giải nén điểm dữ liệu với template_id=2
2025-03-31 02:37:47,347 - DEBUG - Đã tìm thấy template 2: [21.963, 69.043, 1013.775, 9.406, 100]
2025-03-31 02:37:47,347 - DEBUG - Đã tìm thấy template 2 và trích xuất readings: {'temperature': 21.963, 'humidity': 69.043, 'pressure': 1013.775, 'power': 9.406, 'battery': 100}
2025-03-31 02:37:47,347 - DEBUG - Kết quả giải nén: device_id=sensor_01, timestamp=2025-03-31T02:11:01.207413, readings={'temperature': 21.963, 'humidity': 69.043, 'pressure': 1013.775, 'power': 9.406, 'battery': 100}
2025-03-31 02:37:47,347 - DEBUG - Compressed data: {'device_id': 'sensor_01', 'timestamp': '2025-03-31T02:11:01.208236', 'template_id': 3, 'template_data': 3}
2025-03-31 02:37:47,347 - DEBUG - Đang giải nén điểm dữ liệu với template_id=3
2025-03-31 02:37:47,347 - DEBUG - Đã tìm thấy template 3: [22.054, 69.865, 1013.912, 10.92, 100]
2025-03-31 02:37:47,347 - DEBUG - Đã tìm thấy template 3 và trích xuất readings: {'temperature': 22.054, 'humidity': 69.865, 'pressure': 1013.912, 'power': 10.92, 'battery': 100}
2025-03-31 02:37:47,347 - DEBUG - Kết quả giải nén: device_id=sensor_01, timestamp=2025-03-31T02:11:01.208236, readings={'temperature': 22.054, 'humidity': 69.865, 'pressure': 1013.912, 'power': 10.92, 'battery': 100}
2025-03-31 02:37:47,347 - DEBUG - Compressed data: {'device_id': 'sensor_01', 'timestamp': '2025-03-31T02:11:01.209079', 'template_id': 4, 'template_data': 4}
2025-03-31 02:37:47,347 - DEBUG - Đang giải nén điểm dữ liệu với template_id=4
2025-03-31 02:37:47,347 - DEBUG - Đã tìm thấy template 4: [22.237, 68.783, 1013.758, 9.728, 99]
2025-03-31 02:37:47,347 - DEBUG - Đã tìm thấy template 4 và trích xuất readings: {'temperature': 22.237, 'humidity': 68.783, 'pressure': 1013.758, 'power': 9.728, 'battery': 99}
2025-03-31 02:37:47,348 - DEBUG - Kết quả giải nén: device_id=sensor_01, timestamp=2025-03-31T02:11:01.209079, readings={'temperature': 22.237, 'humidity': 68.783, 'pressure': 1013.758, 'power': 9.728, 'battery': 99}
2025-03-31 02:37:47,348 - DEBUG - Compressed data: {'device_id': 'sensor_01', 'timestamp': '2025-03-31T02:11:01.209954', 'template_id': 5, 'template_data': 5}
2025-03-31 02:37:47,348 - DEBUG - Đang giải nén điểm dữ liệu với template_id=5
2025-03-31 02:37:47,348 - DEBUG - Đã tìm thấy template 5: [21.77, 70.385, 1014.092, 9.988, 100]
2025-03-31 02:37:47,348 - DEBUG - Đã tìm thấy template 5 và trích xuất readings: {'temperature': 21.77, 'humidity': 70.385, 'pressure': 1014.092, 'power': 9.988, 'battery': 100}
2025-03-31 02:37:47,348 - DEBUG - Kết quả giải nén: device_id=sensor_01, timestamp=2025-03-31T02:11:01.209954, readings={'temperature': 21.77, 'humidity': 70.385, 'pressure': 1014.092, 'power': 9.988, 'battery': 100}
2025-03-31 02:37:47,348 - DEBUG - Compressed data: {'device_id': 'sensor_01', 'timestamp': '2025-03-31T02:11:01.213138', 'template_id': 6, 'template_data': 6}
2025-03-31 02:37:47,348 - DEBUG - Đang giải nén điểm dữ liệu với template_id=6
2025-03-31 02:37:47,348 - DEBUG - Đã tìm thấy template 6: [21.834, 69.697, 1014.282, 14.259, 100]
2025-03-31 02:37:47,348 - DEBUG - Đã tìm thấy template 6 và trích xuất readings: {'temperature': 21.834, 'humidity': 69.697, 'pressure': 1014.282, 'power': 14.259, 'battery': 100}
2025-03-31 02:37:47,348 - DEBUG - Kết quả giải nén: device_id=sensor_01, timestamp=2025-03-31T02:11:01.213138, readings={'temperature': 21.834, 'humidity': 69.697, 'pressure': 1014.282, 'power': 14.259, 'battery': 100}
2025-03-31 02:37:47,348 - DEBUG - Compressed data: {'device_id': 'sensor_01', 'timestamp': '2025-03-31T02:11:01.214264', 'template_id': 7, 'template_data': 7}
2025-03-31 02:37:47,348 - DEBUG - Đang giải nén điểm dữ liệu với template_id=7
2025-03-31 02:37:47,349 - DEBUG - Đã tìm thấy template 7: [22.775, 69.157, 1014.685, 16.393, 100]
2025-03-31 02:37:47,349 - DEBUG - Đã tìm thấy template 7 và trích xuất readings: {'temperature': 22.775, 'humidity': 69.157, 'pressure': 1014.685, 'power': 16.393, 'battery': 100}
2025-03-31 02:37:47,349 - DEBUG - Kết quả giải nén: device_id=sensor_01, timestamp=2025-03-31T02:11:01.214264, readings={'temperature': 22.775, 'humidity': 69.157, 'pressure': 1014.685, 'power': 16.393, 'battery': 100}
2025-03-31 02:37:47,349 - DEBUG - Compressed data: {'device_id': 'sensor_01', 'timestamp': '2025-03-31T02:11:01.215151', 'template_id': 8, 'template_data': 8}
2025-03-31 02:37:47,349 - DEBUG - Đang giải nén điểm dữ liệu với template_id=8
2025-03-31 02:37:47,349 - DEBUG - Đã tìm thấy template 8: [22.237, 68.791, 1014.694, 14.864, 99]
2025-03-31 02:37:47,349 - DEBUG - Đã tìm thấy template 8 và trích xuất readings: {'temperature': 22.237, 'humidity': 68.791, 'pressure': 1014.694, 'power': 14.864, 'battery': 99}
2025-03-31 02:37:47,349 - DEBUG - Kết quả giải nén: device_id=sensor_01, timestamp=2025-03-31T02:11:01.215151, readings={'temperature': 22.237, 'humidity': 68.791, 'pressure': 1014.694, 'power': 14.864, 'battery': 99}
2025-03-31 02:37:47,349 - DEBUG - Compressed data: {'device_id': 'sensor_01', 'timestamp': '2025-03-31T02:11:01.215886', 'template_id': 9, 'template_data': 9}
2025-03-31 02:37:47,349 - DEBUG - Đang giải nén điểm dữ liệu với template_id=9
2025-03-31 02:37:47,349 - DEBUG - Đã tìm thấy template 9: [22.793, 67.983, 1014.295, 14.266, 99]
2025-03-31 02:37:47,349 - DEBUG - Đã tìm thấy template 9 và trích xuất readings: {'temperature': 22.793, 'humidity': 67.983, 'pressure': 1014.295, 'power': 14.266, 'battery': 99}
2025-03-31 02:37:47,349 - DEBUG - Kết quả giải nén: device_id=sensor_01, timestamp=2025-03-31T02:11:01.215886, readings={'temperature': 22.793, 'humidity': 67.983, 'pressure': 1014.295, 'power': 14.266, 'battery': 99}
2025-03-31 02:37:47,349 - DEBUG - Compressed data: {'device_id': 'sensor_01', 'timestamp': '2025-03-31T02:11:01.216628', 'template_id': 10, 'template_data': 10}
2025-03-31 02:37:47,349 - DEBUG - Đang giải nén điểm dữ liệu với template_id=10
2025-03-31 02:37:47,349 - DEBUG - Đã tìm thấy template 10: [22.694, 69.394, 1014.471, 14.892, 100]
2025-03-31 02:37:47,349 - DEBUG - Đã tìm thấy template 10 và trích xuất readings: {'temperature': 22.694, 'humidity': 69.394, 'pressure': 1014.471, 'power': 14.892, 'battery': 100}
2025-03-31 02:37:47,349 - DEBUG - Kết quả giải nén: device_id=sensor_01, timestamp=2025-03-31T02:11:01.216628, readings={'temperature': 22.694, 'humidity': 69.394, 'pressure': 1014.471, 'power': 14.892, 'battery': 100}
2025-03-31 02:37:47,349 - DEBUG - Compressed data: {'device_id': 'sensor_01', 'timestamp': '2025-03-31T02:11:01.217415', 'template_id': 11, 'template_data': 11}
2025-03-31 02:37:47,349 - DEBUG - Đang giải nén điểm dữ liệu với template_id=11
2025-03-31 02:37:47,349 - DEBUG - Đã tìm thấy template 11: [23.174, 68.444, 1014.564, 15.041, 100]
2025-03-31 02:37:47,349 - DEBUG - Đã tìm thấy template 11 và trích xuất readings: {'temperature': 23.174, 'humidity': 68.444, 'pressure': 1014.564, 'power': 15.041, 'battery': 100}
2025-03-31 02:37:47,349 - DEBUG - Kết quả giải nén: device_id=sensor_01, timestamp=2025-03-31T02:11:01.217415, readings={'temperature': 23.174, 'humidity': 68.444, 'pressure': 1014.564, 'power': 15.041, 'battery': 100}
2025-03-31 02:37:47,349 - DEBUG - Compressed data: {'device_id': 'sensor_01', 'timestamp': '2025-03-31T02:11:01.218173', 'template_id': 12, 'template_data': 12}
2025-03-31 02:37:47,349 - DEBUG - Đang giải nén điểm dữ liệu với template_id=12
2025-03-31 02:37:47,350 - DEBUG - Đã tìm thấy template 12: [22.306, 70.424, 1014.696, 19.982, 99]
2025-03-31 02:37:47,350 - DEBUG - Đã tìm thấy template 12 và trích xuất readings: {'temperature': 22.306, 'humidity': 70.424, 'pressure': 1014.696, 'power': 19.982, 'battery': 99}
2025-03-31 02:37:47,350 - DEBUG - Kết quả giải nén: device_id=sensor_01, timestamp=2025-03-31T02:11:01.218173, readings={'temperature': 22.306, 'humidity': 70.424, 'pressure': 1014.696, 'power': 19.982, 'battery': 99}
2025-03-31 02:37:47,350 - DEBUG - Compressed data: {'device_id': 'sensor_01', 'timestamp': '2025-03-31T02:11:01.219167', 'template_id': 13, 'template_data': 13}
2025-03-31 02:37:47,350 - DEBUG - Đang giải nén điểm dữ liệu với template_id=13
2025-03-31 02:37:47,350 - DEBUG - Đã tìm thấy template 13: [21.882, 69.824, 1014.475, 21.645, 100]
2025-03-31 02:37:47,350 - DEBUG - Đã tìm thấy template 13 và trích xuất readings: {'temperature': 21.882, 'humidity': 69.824, 'pressure': 1014.475, 'power': 21.645, 'battery': 100}
2025-03-31 02:37:47,350 - DEBUG - Kết quả giải nén: device_id=sensor_01, timestamp=2025-03-31T02:11:01.219167, readings={'temperature': 21.882, 'humidity': 69.824, 'pressure': 1014.475, 'power': 21.645, 'battery': 100}
2025-03-31 02:37:47,350 - DEBUG - Compressed data: {'device_id': 'sensor_01', 'timestamp': '2025-03-31T02:11:01.220618', 'template_id': 14, 'template_data': 14}
2025-03-31 02:37:47,350 - DEBUG - Đang giải nén điểm dữ liệu với template_id=14
2025-03-31 02:37:47,350 - DEBUG - Đã tìm thấy template 14: [22.641, 67.69, 1014.725, 18.223, 100]
2025-03-31 02:37:47,350 - DEBUG - Đã tìm thấy template 14 và trích xuất readings: {'temperature': 22.641, 'humidity': 67.69, 'pressure': 1014.725, 'power': 18.223, 'battery': 100}
2025-03-31 02:37:47,350 - DEBUG - Kết quả giải nén: device_id=sensor_01, timestamp=2025-03-31T02:11:01.220618, readings={'temperature': 22.641, 'humidity': 67.69, 'pressure': 1014.725, 'power': 18.223, 'battery': 100}
2025-03-31 02:37:47,350 - DEBUG - Compressed data: {'device_id': 'sensor_01', 'timestamp': '2025-03-31T02:11:01.221688', 'template_id': 15, 'template_data': 15}
2025-03-31 02:37:47,350 - DEBUG - Đang giải nén điểm dữ liệu với template_id=15
2025-03-31 02:37:47,350 - DEBUG - Đã tìm thấy template 15: [21.909, 67.75, 1014.856, 18.707, 98]
2025-03-31 02:37:47,350 - DEBUG - Đã tìm thấy template 15 và trích xuất readings: {'temperature': 21.909, 'humidity': 67.75, 'pressure': 1014.856, 'power': 18.707, 'battery': 98}
2025-03-31 02:37:47,350 - DEBUG - Kết quả giải nén: device_id=sensor_01, timestamp=2025-03-31T02:11:01.221688, readings={'temperature': 21.909, 'humidity': 67.75, 'pressure': 1014.856, 'power': 18.707, 'battery': 98}
2025-03-31 02:37:47,350 - DEBUG - Compressed data: {'device_id': 'sensor_01', 'timestamp': '2025-03-31T02:11:01.222441', 'template_id': 16, 'template_data': 16}
2025-03-31 02:37:47,350 - DEBUG - Đang giải nén điểm dữ liệu với template_id=16
2025-03-31 02:37:47,350 - DEBUG - Đã tìm thấy template 16: [22.548, 70.037, 1014.639, 18.201, 100]
2025-03-31 02:37:47,350 - DEBUG - Đã tìm thấy template 16 và trích xuất readings: {'temperature': 22.548, 'humidity': 70.037, 'pressure': 1014.639, 'power': 18.201, 'battery': 100}
2025-03-31 02:37:47,350 - DEBUG - Kết quả giải nén: device_id=sensor_01, timestamp=2025-03-31T02:11:01.222441, readings={'temperature': 22.548, 'humidity': 70.037, 'pressure': 1014.639, 'power': 18.201, 'battery': 100}
2025-03-31 02:37:47,350 - DEBUG - Compressed data: {'device_id': 'sensor_01', 'timestamp': '2025-03-31T02:11:01.223181', 'template_id': 17, 'template_data': 17}
2025-03-31 02:37:47,350 - DEBUG - Đang giải nén điểm dữ liệu với template_id=17
2025-03-31 02:37:47,350 - DEBUG - Đã tìm thấy template 17: [22.649, 67.524, 1014.506, 21.6, 98]
2025-03-31 02:37:47,350 - DEBUG - Đã tìm thấy template 17 và trích xuất readings: {'temperature': 22.649, 'humidity': 67.524, 'pressure': 1014.506, 'power': 21.6, 'battery': 98}
2025-03-31 02:37:47,350 - DEBUG - Kết quả giải nén: device_id=sensor_01, timestamp=2025-03-31T02:11:01.223181, readings={'temperature': 22.649, 'humidity': 67.524, 'pressure': 1014.506, 'power': 21.6, 'battery': 98}
2025-03-31 02:37:47,350 - DEBUG - Compressed data: {'device_id': 'sensor_01', 'timestamp': '2025-03-31T02:11:01.223943', 'template_id': 18, 'template_data': 18}
2025-03-31 02:37:47,350 - DEBUG - Đang giải nén điểm dữ liệu với template_id=18
2025-03-31 02:37:47,350 - DEBUG - Đã tìm thấy template 18: [22.914, 70.192, 1015.206, 24.828, 100]
2025-03-31 02:37:47,350 - DEBUG - Đã tìm thấy template 18 và trích xuất readings: {'temperature': 22.914, 'humidity': 70.192, 'pressure': 1015.206, 'power': 24.828, 'battery': 100}
2025-03-31 02:37:47,351 - DEBUG - Kết quả giải nén: device_id=sensor_01, timestamp=2025-03-31T02:11:01.223943, readings={'temperature': 22.914, 'humidity': 70.192, 'pressure': 1015.206, 'power': 24.828, 'battery': 100}
2025-03-31 02:37:47,351 - INFO - Đã giải nén 19 điểm dữ liệu
2025-03-31 02:37:47,351 - INFO - Khoảng thời gian trong dữ liệu: 2025-03-31T02:11:01.202996 đến 2025-03-31T02:11:01.223943
2025-03-31 02:37:47,352 - INFO - Đã giải nén 19 điểm dữ liệu trong 0.01 giây
2025-03-31 02:37:47,352 - INFO - Dữ liệu đã được lưu vào data.json
2025-03-31 02:44:27,468 - INFO - Đã kết nối thành công đến PostgreSQL database: postgresql://postgres:1234@localhost:5433/iot_db
2025-03-31 02:44:27,471 - INFO - Đã tạo 141 templates từ original_samples
2025-03-31 02:44:27,473 - INFO - Đã ánh xạ 19 template_id từ compressed_data
2025-03-31 02:44:27,473 - INFO - Tổng số templates đã tải: 141
2025-03-31 02:44:27,475 - INFO - Đã tải 141 mẫu dữ liệu gốc từ original_samples
2025-03-31 02:44:27,476 - INFO - Đã tải 19 bản ghi dữ liệu nén từ database
2025-03-31 02:44:27,476 - INFO - Đã giải nén 19 điểm dữ liệu
2025-03-31 02:44:27,476 - INFO - Khoảng thời gian trong dữ liệu: 2025-03-31T02:11:01.202996 đến 2025-03-31T02:11:01.223943
2025-03-31 02:44:27,476 - INFO - Đã lưu dữ liệu dạng JSON vào data.csv
2025-03-31 02:44:27,483 - INFO - Đã lưu dữ liệu dạng CSV vào data.csv
2025-03-31 02:44:27,483 - INFO - Đã giải nén 19 điểm dữ liệu trong 0.01 giây
2025-03-31 02:45:55,682 - INFO - Đã kết nối thành công đến PostgreSQL database: postgresql://postgres:1234@localhost:5433/iot_db
2025-03-31 02:45:55,686 - INFO - Đã tạo 141 templates từ original_samples
2025-03-31 02:45:55,687 - INFO - Đã ánh xạ 19 template_id từ compressed_data
2025-03-31 02:45:55,688 - INFO - Tổng số templates đã tải: 141
2025-03-31 02:45:55,689 - INFO - Đã tải 141 mẫu dữ liệu gốc từ original_samples
2025-03-31 02:45:55,690 - INFO - Đã tải 19 bản ghi dữ liệu nén từ database
2025-03-31 02:45:55,690 - INFO - Đã giải nén 19 điểm dữ liệu
2025-03-31 02:45:55,690 - INFO - Khoảng thời gian trong dữ liệu: 2025-03-31T02:11:01.202996 đến 2025-03-31T02:11:01.223943
2025-03-31 02:45:55,699 - INFO - Đã lưu dữ liệu dạng CSV vào data.csv
2025-03-31 02:45:55,699 - INFO - Đã giải nén 19 điểm dữ liệu trong 0.02 giây
