2025-03-31 18:50:47,728 - INFO - Đang lấy dữ liệu từ 2024-03-30 đến 2024-03-31
2025-03-31 18:50:47,884 - INFO - Đã kết nối thành công đến database: postgresql://postgres:1234@localhost:5433/iot_db
2025-03-31 18:50:47,884 - INFO - Bắt đầu lấy dữ liệu từ 2024-03-30 đến 2024-03-31 với tối đa 10 bản ghi cho mỗi feed
2025-03-31 18:50:48,829 - INFO - Đã lấy được 8 feeds từ Adafruit IO
2025-03-31 18:50:48,830 - INFO - Tìm thấy 8 feeds từ Adafruit IO
2025-03-31 18:50:48,830 - INFO - Đang xử lý feed: LIGHT_VARIABLE (key: light-var)
2025-03-31 18:50:48,830 - INFO - Lấy dữ liệu feed light-var từ 2024-03-30T00:00:00+00:00 đến 2024-03-31T23:59:59.999999+00:00
2025-03-31 18:50:49,750 - INFO - Đã lấy được 0 điểm dữ liệu từ feed light-var từ 2024-03-30 đến 2024-03-31
2025-03-31 18:50:49,752 - INFO - Không có dữ liệu từ feed light-var
2025-03-31 18:50:49,752 - INFO - Đã lưu 0/0 bản ghi từ feed LIGHT_VARIABLE
2025-03-31 18:50:50,258 - INFO - Đang xử lý feed: YOLO_TEMP (key: yolo-temp)
2025-03-31 18:50:50,258 - INFO - Lấy dữ liệu feed yolo-temp từ 2024-03-30T00:00:00+00:00 đến 2024-03-31T23:59:59.999999+00:00
2025-03-31 18:50:51,081 - INFO - Đã lấy được 0 điểm dữ liệu từ feed yolo-temp từ 2024-03-30 đến 2024-03-31
2025-03-31 18:50:51,082 - INFO - Không có dữ liệu từ feed yolo-temp
2025-03-31 18:50:51,082 - INFO - Đã lưu 0/0 bản ghi từ feed YOLO_TEMP
2025-03-31 18:50:51,585 - INFO - Đang xử lý feed: YOLO_LIGHT (key: yolo-light)
2025-03-31 18:50:51,586 - INFO - Lấy dữ liệu feed yolo-light từ 2024-03-30T00:00:00+00:00 đến 2024-03-31T23:59:59.999999+00:00
2025-03-31 18:50:52,419 - INFO - Đã lấy được 0 điểm dữ liệu từ feed yolo-light từ 2024-03-30 đến 2024-03-31
2025-03-31 18:50:52,420 - INFO - Không có dữ liệu từ feed yolo-light
2025-03-31 18:50:52,420 - INFO - Đã lưu 0/0 bản ghi từ feed YOLO_LIGHT
2025-03-31 18:50:52,925 - INFO - Đang xử lý feed: YOLO_FAN (key: yolo-fan)
2025-03-31 18:50:52,926 - INFO - Lấy dữ liệu feed yolo-fan từ 2024-03-30T00:00:00+00:00 đến 2024-03-31T23:59:59.999999+00:00
2025-03-31 18:50:53,845 - INFO - Đã lấy được 0 điểm dữ liệu từ feed yolo-fan từ 2024-03-30 đến 2024-03-31
2025-03-31 18:50:53,846 - INFO - Không có dữ liệu từ feed yolo-fan
2025-03-31 18:50:53,846 - INFO - Đã lưu 0/0 bản ghi từ feed YOLO_FAN
2025-03-31 18:50:54,351 - INFO - Đang xử lý feed: TEMPERATURE_VARIABLE (key: temperature-var)
2025-03-31 18:50:54,351 - INFO - Lấy dữ liệu feed temperature-var từ 2024-03-30T00:00:00+00:00 đến 2024-03-31T23:59:59.999999+00:00
2025-03-31 18:50:55,279 - INFO - Đã lấy được 0 điểm dữ liệu từ feed temperature-var từ 2024-03-30 đến 2024-03-31
2025-03-31 18:50:55,280 - INFO - Không có dữ liệu từ feed temperature-var
2025-03-31 18:50:55,280 - INFO - Đã lưu 0/0 bản ghi từ feed TEMPERATURE_VARIABLE
2025-03-31 18:50:55,781 - INFO - Đang xử lý feed: YOLO_FAN_MODE_SELECT (key: yolo-fan-mode-select)
2025-03-31 18:50:55,781 - INFO - Lấy dữ liệu feed yolo-fan-mode-select từ 2024-03-30T00:00:00+00:00 đến 2024-03-31T23:59:59.999999+00:00
2025-03-31 18:50:56,713 - INFO - Đã lấy được 0 điểm dữ liệu từ feed yolo-fan-mode-select từ 2024-03-30 đến 2024-03-31
2025-03-31 18:50:56,714 - INFO - Không có dữ liệu từ feed yolo-fan-mode-select
2025-03-31 18:50:56,714 - INFO - Đã lưu 0/0 bản ghi từ feed YOLO_FAN_MODE_SELECT
2025-03-31 18:50:57,217 - INFO - Đang xử lý feed: YOLO_FAN_SPEED (key: yolo-fan-speed)
2025-03-31 18:50:57,217 - INFO - Lấy dữ liệu feed yolo-fan-speed từ 2024-03-30T00:00:00+00:00 đến 2024-03-31T23:59:59.999999+00:00
2025-03-31 18:50:58,146 - INFO - Đã lấy được 0 điểm dữ liệu từ feed yolo-fan-speed từ 2024-03-30 đến 2024-03-31
2025-03-31 18:50:58,146 - INFO - Không có dữ liệu từ feed yolo-fan-speed
2025-03-31 18:50:58,146 - INFO - Đã lưu 0/0 bản ghi từ feed YOLO_FAN_SPEED
2025-03-31 18:50:58,650 - INFO - Đang xử lý feed: test (key: test)
2025-03-31 18:50:58,650 - INFO - Lấy dữ liệu feed test từ 2024-03-30T00:00:00+00:00 đến 2024-03-31T23:59:59.999999+00:00
2025-03-31 18:50:59,580 - INFO - Đã lấy được 0 điểm dữ liệu từ feed test từ 2024-03-30 đến 2024-03-31
2025-03-31 18:50:59,580 - INFO - Không có dữ liệu từ feed test
2025-03-31 18:50:59,580 - INFO - Đã lưu 0/0 bản ghi từ feed test
2025-03-31 18:51:17,213 - INFO - Đang lấy dữ liệu từ 2024-01-01 đến 2024-01-02
2025-03-31 18:51:17,214 - INFO - Chế độ NÉN DỮ LIỆU: Dữ liệu sẽ được nén trước khi lưu vào database
2025-03-31 18:51:17,214 - INFO - IDEALEM Compressor đã được khởi tạo với cấu hình: {'p_threshold': 0.7, 'max_templates': 100, 'min_values': 1, 'similarity_factor': 20}
2025-03-31 18:51:17,214 - INFO - Đã khởi tạo IDEALEM Compressor
2025-03-31 18:51:17,269 - INFO - Đã kết nối thành công đến database: postgresql://postgres:1234@localhost:5433/iot_db
2025-03-31 18:51:17,269 - INFO - Bắt đầu lấy dữ liệu từ 2024-01-01 đến 2024-01-02 với tối đa 5 bản ghi cho mỗi feed
2025-03-31 18:51:18,240 - INFO - Đã lấy được 8 feeds từ Adafruit IO
2025-03-31 18:51:18,241 - INFO - Tìm thấy 8 feeds từ Adafruit IO
2025-03-31 18:51:18,241 - INFO - Đang xử lý feed: LIGHT_VARIABLE (key: light-var)
2025-03-31 18:51:18,241 - INFO - Lấy dữ liệu feed light-var từ 2024-01-01T00:00:00+00:00 đến 2024-01-02T23:59:59.999999+00:00
2025-03-31 18:51:19,138 - INFO - Đã lấy được 0 điểm dữ liệu từ feed light-var từ 2024-01-01 đến 2024-01-02
2025-03-31 18:51:19,139 - INFO - Không có dữ liệu từ feed light-var
2025-03-31 18:51:19,139 - INFO - Đã lưu 0/0 bản ghi từ feed LIGHT_VARIABLE
2025-03-31 18:51:19,644 - INFO - Đang xử lý feed: YOLO_TEMP (key: yolo-temp)
2025-03-31 18:51:19,644 - INFO - Lấy dữ liệu feed yolo-temp từ 2024-01-01T00:00:00+00:00 đến 2024-01-02T23:59:59.999999+00:00
2025-03-31 18:51:20,572 - INFO - Đã lấy được 0 điểm dữ liệu từ feed yolo-temp từ 2024-01-01 đến 2024-01-02
2025-03-31 18:51:20,573 - INFO - Không có dữ liệu từ feed yolo-temp
2025-03-31 18:51:20,573 - INFO - Đã lưu 0/0 bản ghi từ feed YOLO_TEMP
2025-03-31 18:51:21,074 - INFO - Đang xử lý feed: YOLO_LIGHT (key: yolo-light)
2025-03-31 18:51:21,074 - INFO - Lấy dữ liệu feed yolo-light từ 2024-01-01T00:00:00+00:00 đến 2024-01-02T23:59:59.999999+00:00
2025-03-31 18:51:21,886 - INFO - Đã lấy được 0 điểm dữ liệu từ feed yolo-light từ 2024-01-01 đến 2024-01-02
2025-03-31 18:51:21,886 - INFO - Không có dữ liệu từ feed yolo-light
2025-03-31 18:51:21,886 - INFO - Đã lưu 0/0 bản ghi từ feed YOLO_LIGHT
2025-03-31 18:51:22,391 - INFO - Đang xử lý feed: YOLO_FAN (key: yolo-fan)
2025-03-31 18:51:22,391 - INFO - Lấy dữ liệu feed yolo-fan từ 2024-01-01T00:00:00+00:00 đến 2024-01-02T23:59:59.999999+00:00
2025-03-31 18:51:23,329 - INFO - Đã lấy được 0 điểm dữ liệu từ feed yolo-fan từ 2024-01-01 đến 2024-01-02
2025-03-31 18:51:23,329 - INFO - Không có dữ liệu từ feed yolo-fan
2025-03-31 18:51:23,330 - INFO - Đã lưu 0/0 bản ghi từ feed YOLO_FAN
2025-03-31 18:51:23,835 - INFO - Đang xử lý feed: TEMPERATURE_VARIABLE (key: temperature-var)
2025-03-31 18:51:23,835 - INFO - Lấy dữ liệu feed temperature-var từ 2024-01-01T00:00:00+00:00 đến 2024-01-02T23:59:59.999999+00:00
2025-03-31 18:51:24,771 - INFO - Đã lấy được 0 điểm dữ liệu từ feed temperature-var từ 2024-01-01 đến 2024-01-02
2025-03-31 18:51:24,772 - INFO - Không có dữ liệu từ feed temperature-var
2025-03-31 18:51:24,772 - INFO - Đã lưu 0/0 bản ghi từ feed TEMPERATURE_VARIABLE
2025-03-31 18:51:25,276 - INFO - Đang xử lý feed: YOLO_FAN_MODE_SELECT (key: yolo-fan-mode-select)
2025-03-31 18:51:25,276 - INFO - Lấy dữ liệu feed yolo-fan-mode-select từ 2024-01-01T00:00:00+00:00 đến 2024-01-02T23:59:59.999999+00:00
2025-03-31 18:51:26,204 - INFO - Đã lấy được 0 điểm dữ liệu từ feed yolo-fan-mode-select từ 2024-01-01 đến 2024-01-02
2025-03-31 18:51:26,205 - INFO - Không có dữ liệu từ feed yolo-fan-mode-select
2025-03-31 18:51:26,205 - INFO - Đã lưu 0/0 bản ghi từ feed YOLO_FAN_MODE_SELECT
2025-03-31 18:51:26,708 - INFO - Đang xử lý feed: YOLO_FAN_SPEED (key: yolo-fan-speed)
2025-03-31 18:51:26,709 - INFO - Lấy dữ liệu feed yolo-fan-speed từ 2024-01-01T00:00:00+00:00 đến 2024-01-02T23:59:59.999999+00:00
2025-03-31 18:51:27,637 - INFO - Đã lấy được 0 điểm dữ liệu từ feed yolo-fan-speed từ 2024-01-01 đến 2024-01-02
2025-03-31 18:51:27,638 - INFO - Không có dữ liệu từ feed yolo-fan-speed
2025-03-31 18:51:27,638 - INFO - Đã lưu 0/0 bản ghi từ feed YOLO_FAN_SPEED
2025-03-31 18:51:28,138 - INFO - Đang xử lý feed: test (key: test)
2025-03-31 18:51:28,139 - INFO - Lấy dữ liệu feed test từ 2024-01-01T00:00:00+00:00 đến 2024-01-02T23:59:59.999999+00:00
2025-03-31 18:51:29,071 - INFO - Đã lấy được 0 điểm dữ liệu từ feed test từ 2024-01-01 đến 2024-01-02
2025-03-31 18:51:29,071 - INFO - Không có dữ liệu từ feed test
2025-03-31 18:51:29,071 - INFO - Đã lưu 0/0 bản ghi từ feed test
