2025-03-31 01:28:27,227 - INFO - Đang lấy dữ liệu cho ngày: 2025-03-31
2025-03-31 01:28:27,372 - INFO - Đã kết nối thành công đến database: postgresql://postgres:1234@localhost:5433/iot_db
2025-03-31 01:28:27,372 - INFO - Bắt đầu lấy dữ liệu cho ngày 2025-03-31 với tối đa 50 bản ghi cho mỗi feed
2025-03-31 01:28:28,375 - INFO - Đã lấy được 8 feeds từ Adafruit IO
2025-03-31 01:28:28,376 - INFO - Tìm thấy 8 feeds từ Adafruit IO
2025-03-31 01:28:28,376 - INFO - Đang xử lý feed: LIGHT_VARIABLE (key: light-var)
2025-03-31 01:28:28,376 - INFO - Lấy dữ liệu feed light-var từ 2025-03-31T00:00:00+00:00 đến 2025-03-31T23:59:59.999999+00:00
2025-03-31 01:28:29,198 - INFO - Đã lấy được 0 điểm dữ liệu từ feed light-var cho ngày 2025-03-31
2025-03-31 01:28:29,199 - INFO - Không có dữ liệu từ feed light-var
2025-03-31 01:28:29,199 - INFO - Đã lưu 0/0 bản ghi từ feed LIGHT_VARIABLE
2025-03-31 01:28:29,704 - INFO - Đang xử lý feed: YOLO_TEMP (key: yolo-temp)
2025-03-31 01:28:29,705 - INFO - Lấy dữ liệu feed yolo-temp từ 2025-03-31T00:00:00+00:00 đến 2025-03-31T23:59:59.999999+00:00
2025-03-31 01:28:30,532 - INFO - Đã lấy được 0 điểm dữ liệu từ feed yolo-temp cho ngày 2025-03-31
2025-03-31 01:28:30,532 - INFO - Không có dữ liệu từ feed yolo-temp
2025-03-31 01:28:30,533 - INFO - Đã lưu 0/0 bản ghi từ feed YOLO_TEMP
2025-03-31 01:28:31,038 - INFO - Đang xử lý feed: YOLO_LIGHT (key: yolo-light)
2025-03-31 01:28:31,038 - INFO - Lấy dữ liệu feed yolo-light từ 2025-03-31T00:00:00+00:00 đến 2025-03-31T23:59:59.999999+00:00
2025-03-31 01:28:31,918 - INFO - Đã lấy được 0 điểm dữ liệu từ feed yolo-light cho ngày 2025-03-31
2025-03-31 01:28:31,919 - INFO - Không có dữ liệu từ feed yolo-light
2025-03-31 01:28:31,919 - INFO - Đã lưu 0/0 bản ghi từ feed YOLO_LIGHT
2025-03-31 01:28:32,424 - INFO - Đang xử lý feed: YOLO_FAN (key: yolo-fan)
2025-03-31 01:28:32,424 - INFO - Lấy dữ liệu feed yolo-fan từ 2025-03-31T00:00:00+00:00 đến 2025-03-31T23:59:59.999999+00:00
2025-03-31 01:28:33,372 - INFO - Đã lấy được 0 điểm dữ liệu từ feed yolo-fan cho ngày 2025-03-31
2025-03-31 01:28:33,373 - INFO - Không có dữ liệu từ feed yolo-fan
2025-03-31 01:28:33,374 - INFO - Đã lưu 0/0 bản ghi từ feed YOLO_FAN
2025-03-31 01:28:33,877 - INFO - Đang xử lý feed: TEMPERATURE_VARIABLE (key: temperature-var)
2025-03-31 01:28:33,878 - INFO - Lấy dữ liệu feed temperature-var từ 2025-03-31T00:00:00+00:00 đến 2025-03-31T23:59:59.999999+00:00
2025-03-31 01:28:34,806 - INFO - Đã lấy được 0 điểm dữ liệu từ feed temperature-var cho ngày 2025-03-31
2025-03-31 01:28:34,807 - INFO - Không có dữ liệu từ feed temperature-var
2025-03-31 01:28:34,807 - INFO - Đã lưu 0/0 bản ghi từ feed TEMPERATURE_VARIABLE
2025-03-31 01:28:35,312 - INFO - Đang xử lý feed: YOLO_FAN_MODE_SELECT (key: yolo-fan-mode-select)
2025-03-31 01:28:35,313 - INFO - Lấy dữ liệu feed yolo-fan-mode-select từ 2025-03-31T00:00:00+00:00 đến 2025-03-31T23:59:59.999999+00:00
2025-03-31 01:28:36,239 - INFO - Đã lấy được 0 điểm dữ liệu từ feed yolo-fan-mode-select cho ngày 2025-03-31
2025-03-31 01:28:36,240 - INFO - Không có dữ liệu từ feed yolo-fan-mode-select
2025-03-31 01:28:36,241 - INFO - Đã lưu 0/0 bản ghi từ feed YOLO_FAN_MODE_SELECT
2025-03-31 01:28:36,745 - INFO - Đang xử lý feed: YOLO_FAN_SPEED (key: yolo-fan-speed)
2025-03-31 01:28:36,746 - INFO - Lấy dữ liệu feed yolo-fan-speed từ 2025-03-31T00:00:00+00:00 đến 2025-03-31T23:59:59.999999+00:00
2025-03-31 01:28:37,671 - INFO - Đã lấy được 0 điểm dữ liệu từ feed yolo-fan-speed cho ngày 2025-03-31
2025-03-31 01:28:37,672 - INFO - Không có dữ liệu từ feed yolo-fan-speed
2025-03-31 01:28:37,672 - INFO - Đã lưu 0/0 bản ghi từ feed YOLO_FAN_SPEED
2025-03-31 01:28:38,177 - INFO - Đang xử lý feed: test (key: test)
2025-03-31 01:28:38,178 - INFO - Lấy dữ liệu feed test từ 2025-03-31T00:00:00+00:00 đến 2025-03-31T23:59:59.999999+00:00
2025-03-31 01:28:39,107 - INFO - Đã lấy được 0 điểm dữ liệu từ feed test cho ngày 2025-03-31
2025-03-31 01:28:39,108 - INFO - Không có dữ liệu từ feed test
2025-03-31 01:28:39,108 - INFO - Đã lưu 0/0 bản ghi từ feed test
2025-03-31 01:28:39,609 - INFO - Hoàn thành: Đã lưu tổng cộng 0 bản ghi mới vào database
2025-03-31 01:29:04,309 - INFO - Đang lấy dữ liệu cho ngày: 2025-03-30
2025-03-31 01:29:04,376 - INFO - Đã kết nối thành công đến database: postgresql://postgres:1234@localhost:5433/iot_db
2025-03-31 01:29:04,376 - INFO - Bắt đầu lấy dữ liệu cho ngày 2025-03-30 với tối đa 50 bản ghi cho mỗi feed
2025-03-31 01:29:05,339 - INFO - Đã lấy được 8 feeds từ Adafruit IO
2025-03-31 01:29:05,340 - INFO - Tìm thấy 8 feeds từ Adafruit IO
2025-03-31 01:29:05,340 - INFO - Đang xử lý feed: LIGHT_VARIABLE (key: light-var)
2025-03-31 01:29:05,340 - INFO - Lấy dữ liệu feed light-var từ 2025-03-30T00:00:00+00:00 đến 2025-03-30T23:59:59.999999+00:00
2025-03-31 01:29:06,241 - INFO - Đã lấy được 0 điểm dữ liệu từ feed light-var cho ngày 2025-03-30
2025-03-31 01:29:06,242 - INFO - Không có dữ liệu từ feed light-var
2025-03-31 01:29:06,242 - INFO - Đã lưu 0/0 bản ghi từ feed LIGHT_VARIABLE
2025-03-31 01:29:06,745 - INFO - Đang xử lý feed: YOLO_TEMP (key: yolo-temp)
2025-03-31 01:29:06,746 - INFO - Lấy dữ liệu feed yolo-temp từ 2025-03-30T00:00:00+00:00 đến 2025-03-30T23:59:59.999999+00:00
2025-03-31 01:29:07,680 - INFO - Đã lấy được 0 điểm dữ liệu từ feed yolo-temp cho ngày 2025-03-30
2025-03-31 01:29:07,680 - INFO - Không có dữ liệu từ feed yolo-temp
2025-03-31 01:29:07,681 - INFO - Đã lưu 0/0 bản ghi từ feed YOLO_TEMP
2025-03-31 01:29:08,185 - INFO - Đang xử lý feed: YOLO_LIGHT (key: yolo-light)
2025-03-31 01:29:08,185 - INFO - Lấy dữ liệu feed yolo-light từ 2025-03-30T00:00:00+00:00 đến 2025-03-30T23:59:59.999999+00:00
2025-03-31 01:29:09,111 - INFO - Đã lấy được 0 điểm dữ liệu từ feed yolo-light cho ngày 2025-03-30
2025-03-31 01:29:09,112 - INFO - Không có dữ liệu từ feed yolo-light
2025-03-31 01:29:09,112 - INFO - Đã lưu 0/0 bản ghi từ feed YOLO_LIGHT
2025-03-31 01:29:09,616 - INFO - Đang xử lý feed: YOLO_FAN (key: yolo-fan)
2025-03-31 01:29:09,617 - INFO - Lấy dữ liệu feed yolo-fan từ 2025-03-30T00:00:00+00:00 đến 2025-03-30T23:59:59.999999+00:00
2025-03-31 01:29:10,544 - INFO - Đã lấy được 0 điểm dữ liệu từ feed yolo-fan cho ngày 2025-03-30
2025-03-31 01:29:10,545 - INFO - Không có dữ liệu từ feed yolo-fan
2025-03-31 01:29:10,545 - INFO - Đã lưu 0/0 bản ghi từ feed YOLO_FAN
2025-03-31 01:29:11,046 - INFO - Đang xử lý feed: TEMPERATURE_VARIABLE (key: temperature-var)
2025-03-31 01:29:11,046 - INFO - Lấy dữ liệu feed temperature-var từ 2025-03-30T00:00:00+00:00 đến 2025-03-30T23:59:59.999999+00:00
2025-03-31 01:29:11,876 - INFO - Đã lấy được 0 điểm dữ liệu từ feed temperature-var cho ngày 2025-03-30
2025-03-31 01:29:11,877 - INFO - Không có dữ liệu từ feed temperature-var
2025-03-31 01:29:11,877 - INFO - Đã lưu 0/0 bản ghi từ feed TEMPERATURE_VARIABLE
2025-03-31 01:29:12,379 - INFO - Đang xử lý feed: YOLO_FAN_MODE_SELECT (key: yolo-fan-mode-select)
2025-03-31 01:29:12,380 - INFO - Lấy dữ liệu feed yolo-fan-mode-select từ 2025-03-30T00:00:00+00:00 đến 2025-03-30T23:59:59.999999+00:00
2025-03-31 01:29:13,309 - INFO - Đã lấy được 0 điểm dữ liệu từ feed yolo-fan-mode-select cho ngày 2025-03-30
2025-03-31 01:29:13,310 - INFO - Không có dữ liệu từ feed yolo-fan-mode-select
2025-03-31 01:29:13,310 - INFO - Đã lưu 0/0 bản ghi từ feed YOLO_FAN_MODE_SELECT
2025-03-31 01:29:13,813 - INFO - Đang xử lý feed: YOLO_FAN_SPEED (key: yolo-fan-speed)
2025-03-31 01:29:13,813 - INFO - Lấy dữ liệu feed yolo-fan-speed từ 2025-03-30T00:00:00+00:00 đến 2025-03-30T23:59:59.999999+00:00
2025-03-31 01:29:14,743 - INFO - Đã lấy được 0 điểm dữ liệu từ feed yolo-fan-speed cho ngày 2025-03-30
2025-03-31 01:29:14,744 - INFO - Không có dữ liệu từ feed yolo-fan-speed
2025-03-31 01:29:14,744 - INFO - Đã lưu 0/0 bản ghi từ feed YOLO_FAN_SPEED
2025-03-31 01:29:15,245 - INFO - Đang xử lý feed: test (key: test)
2025-03-31 01:29:15,246 - INFO - Lấy dữ liệu feed test từ 2025-03-30T00:00:00+00:00 đến 2025-03-30T23:59:59.999999+00:00
2025-03-31 01:29:16,175 - INFO - Đã lấy được 9 điểm dữ liệu từ feed test cho ngày 2025-03-30
2025-03-31 01:29:16,176 - ERROR - Lỗi khi kiểm tra thiết bị: The argument passed to Dialect.has_table() should be a <class 'sqlalchemy.engine.base.Connection'>, got <class 'sqlalchemy.engine.base.Engine'>. Additionally, the Dialect.has_table() method is for internal dialect use only; please use ``inspect(some_engine).has_table(<tablename>>)`` for public API use.
2025-03-31 01:29:16,199 - INFO - Đã lưu 3 điểm dữ liệu mới vào database từ feed test
2025-03-31 01:29:16,199 - INFO - Đã lưu 3/9 bản ghi từ feed test
2025-03-31 01:29:16,704 - INFO - Hoàn thành: Đã lưu tổng cộng 3 bản ghi mới vào database
2025-03-31 01:32:41,407 - INFO - Đang lấy dữ liệu cho ngày: 2023-03-30
2025-03-31 01:32:41,480 - INFO - Đã kết nối thành công đến database: postgresql://postgres:1234@localhost:5433/iot_db
2025-03-31 01:32:41,480 - INFO - Bắt đầu lấy dữ liệu cho ngày 2023-03-30 với tối đa 50 bản ghi cho mỗi feed
2025-03-31 01:32:42,419 - INFO - Đã lấy được 8 feeds từ Adafruit IO
2025-03-31 01:32:42,421 - INFO - Tìm thấy 8 feeds từ Adafruit IO
2025-03-31 01:32:42,421 - INFO - Đang xử lý feed: LIGHT_VARIABLE (key: light-var)
2025-03-31 01:32:42,421 - INFO - Lấy dữ liệu feed light-var từ 2023-03-30T00:00:00+00:00 đến 2023-03-30T23:59:59.999999+00:00
2025-03-31 01:32:43,315 - INFO - Đã lấy được 0 điểm dữ liệu từ feed light-var cho ngày 2023-03-30
2025-03-31 01:32:43,316 - INFO - Không có dữ liệu từ feed light-var
2025-03-31 01:32:43,316 - INFO - Đã lưu 0/0 bản ghi từ feed LIGHT_VARIABLE
2025-03-31 01:32:43,820 - INFO - Đang xử lý feed: YOLO_TEMP (key: yolo-temp)
2025-03-31 01:32:43,820 - INFO - Lấy dữ liệu feed yolo-temp từ 2023-03-30T00:00:00+00:00 đến 2023-03-30T23:59:59.999999+00:00
2025-03-31 01:32:44,773 - INFO - Đã lấy được 0 điểm dữ liệu từ feed yolo-temp cho ngày 2023-03-30
2025-03-31 01:32:44,774 - INFO - Không có dữ liệu từ feed yolo-temp
2025-03-31 01:32:44,774 - INFO - Đã lưu 0/0 bản ghi từ feed YOLO_TEMP
2025-03-31 01:32:45,279 - INFO - Đang xử lý feed: YOLO_LIGHT (key: yolo-light)
2025-03-31 01:32:45,280 - INFO - Lấy dữ liệu feed yolo-light từ 2023-03-30T00:00:00+00:00 đến 2023-03-30T23:59:59.999999+00:00
2025-03-31 01:32:46,203 - INFO - Đã lấy được 0 điểm dữ liệu từ feed yolo-light cho ngày 2023-03-30
2025-03-31 01:32:46,204 - INFO - Không có dữ liệu từ feed yolo-light
2025-03-31 01:32:46,204 - INFO - Đã lưu 0/0 bản ghi từ feed YOLO_LIGHT
2025-03-31 01:32:46,707 - INFO - Đang xử lý feed: YOLO_FAN (key: yolo-fan)
2025-03-31 01:32:46,708 - INFO - Lấy dữ liệu feed yolo-fan từ 2023-03-30T00:00:00+00:00 đến 2023-03-30T23:59:59.999999+00:00
2025-03-31 01:32:47,636 - INFO - Đã lấy được 0 điểm dữ liệu từ feed yolo-fan cho ngày 2023-03-30
2025-03-31 01:32:47,637 - INFO - Không có dữ liệu từ feed yolo-fan
2025-03-31 01:32:47,637 - INFO - Đã lưu 0/0 bản ghi từ feed YOLO_FAN
2025-03-31 01:32:48,141 - INFO - Đang xử lý feed: TEMPERATURE_VARIABLE (key: temperature-var)
2025-03-31 01:32:48,141 - INFO - Lấy dữ liệu feed temperature-var từ 2023-03-30T00:00:00+00:00 đến 2023-03-30T23:59:59.999999+00:00
2025-03-31 01:32:49,068 - INFO - Đã lấy được 0 điểm dữ liệu từ feed temperature-var cho ngày 2023-03-30
2025-03-31 01:32:49,069 - INFO - Không có dữ liệu từ feed temperature-var
2025-03-31 01:32:49,069 - INFO - Đã lưu 0/0 bản ghi từ feed TEMPERATURE_VARIABLE
2025-03-31 01:32:49,572 - INFO - Đang xử lý feed: YOLO_FAN_MODE_SELECT (key: yolo-fan-mode-select)
2025-03-31 01:32:49,572 - INFO - Lấy dữ liệu feed yolo-fan-mode-select từ 2023-03-30T00:00:00+00:00 đến 2023-03-30T23:59:59.999999+00:00
2025-03-31 01:32:50,503 - INFO - Đã lấy được 0 điểm dữ liệu từ feed yolo-fan-mode-select cho ngày 2023-03-30
2025-03-31 01:32:50,503 - INFO - Không có dữ liệu từ feed yolo-fan-mode-select
2025-03-31 01:32:50,503 - INFO - Đã lưu 0/0 bản ghi từ feed YOLO_FAN_MODE_SELECT
2025-03-31 01:32:51,008 - INFO - Đang xử lý feed: YOLO_FAN_SPEED (key: yolo-fan-speed)
2025-03-31 01:32:51,009 - INFO - Lấy dữ liệu feed yolo-fan-speed từ 2023-03-30T00:00:00+00:00 đến 2023-03-30T23:59:59.999999+00:00
2025-03-31 01:32:51,935 - INFO - Đã lấy được 0 điểm dữ liệu từ feed yolo-fan-speed cho ngày 2023-03-30
2025-03-31 01:32:51,935 - INFO - Không có dữ liệu từ feed yolo-fan-speed
2025-03-31 01:32:51,936 - INFO - Đã lưu 0/0 bản ghi từ feed YOLO_FAN_SPEED
2025-03-31 01:32:52,441 - INFO - Đang xử lý feed: test (key: test)
2025-03-31 01:32:52,441 - INFO - Lấy dữ liệu feed test từ 2023-03-30T00:00:00+00:00 đến 2023-03-30T23:59:59.999999+00:00
2025-03-31 01:32:53,371 - INFO - Đã lấy được 0 điểm dữ liệu từ feed test cho ngày 2023-03-30
2025-03-31 01:32:53,372 - INFO - Không có dữ liệu từ feed test
2025-03-31 01:32:53,372 - INFO - Đã lưu 0/0 bản ghi từ feed test
2025-03-31 01:32:53,880 - INFO - Hoàn thành: Đã lưu tổng cộng 0 bản ghi mới vào database
2025-03-31 01:37:26,489 - INFO - Đang lấy dữ liệu cho ngày: 2023-03-30
2025-03-31 01:37:26,490 - INFO - Chế độ FORCE RELOAD: Bỏ qua kiểm tra trùng lặp, tải lại tất cả dữ liệu
2025-03-31 01:37:26,534 - INFO - Đã kết nối thành công đến database: postgresql://postgres:1234@localhost:5433/iot_db
2025-03-31 01:37:26,535 - INFO - Bắt đầu lấy dữ liệu cho ngày 2023-03-30 với tối đa 50 bản ghi cho mỗi feed
2025-03-31 01:37:27,383 - INFO - Đã lấy được 8 feeds từ Adafruit IO
2025-03-31 01:37:27,383 - INFO - Tìm thấy 8 feeds từ Adafruit IO
2025-03-31 01:37:27,383 - INFO - Đang xử lý feed: LIGHT_VARIABLE (key: light-var)
2025-03-31 01:37:27,383 - INFO - Lấy dữ liệu feed light-var từ 2023-03-30T00:00:00+00:00 đến 2023-03-30T23:59:59.999999+00:00
2025-03-31 01:37:28,264 - INFO - Đã lấy được 0 điểm dữ liệu từ feed light-var cho ngày 2023-03-30
2025-03-31 01:37:28,264 - INFO - Không có dữ liệu từ feed light-var
2025-03-31 01:37:28,264 - INFO - Đã lưu 0/0 bản ghi từ feed LIGHT_VARIABLE
2025-03-31 01:37:28,769 - INFO - Đang xử lý feed: YOLO_TEMP (key: yolo-temp)
2025-03-31 01:37:28,770 - INFO - Lấy dữ liệu feed yolo-temp từ 2023-03-30T00:00:00+00:00 đến 2023-03-30T23:59:59.999999+00:00
2025-03-31 01:37:29,753 - INFO - Đã lấy được 0 điểm dữ liệu từ feed yolo-temp cho ngày 2023-03-30
2025-03-31 01:37:29,753 - INFO - Không có dữ liệu từ feed yolo-temp
2025-03-31 01:37:29,754 - INFO - Đã lưu 0/0 bản ghi từ feed YOLO_TEMP
2025-03-31 01:37:30,259 - INFO - Đang xử lý feed: YOLO_LIGHT (key: yolo-light)
2025-03-31 01:37:30,259 - INFO - Lấy dữ liệu feed yolo-light từ 2023-03-30T00:00:00+00:00 đến 2023-03-30T23:59:59.999999+00:00
2025-03-31 01:37:31,187 - INFO - Đã lấy được 0 điểm dữ liệu từ feed yolo-light cho ngày 2023-03-30
2025-03-31 01:37:31,187 - INFO - Không có dữ liệu từ feed yolo-light
2025-03-31 01:37:31,187 - INFO - Đã lưu 0/0 bản ghi từ feed YOLO_LIGHT
2025-03-31 01:37:31,692 - INFO - Đang xử lý feed: YOLO_FAN (key: yolo-fan)
2025-03-31 01:37:31,692 - INFO - Lấy dữ liệu feed yolo-fan từ 2023-03-30T00:00:00+00:00 đến 2023-03-30T23:59:59.999999+00:00
2025-03-31 01:37:32,622 - INFO - Đã lấy được 0 điểm dữ liệu từ feed yolo-fan cho ngày 2023-03-30
2025-03-31 01:37:32,623 - INFO - Không có dữ liệu từ feed yolo-fan
2025-03-31 01:37:32,623 - INFO - Đã lưu 0/0 bản ghi từ feed YOLO_FAN
2025-03-31 01:37:33,128 - INFO - Đang xử lý feed: TEMPERATURE_VARIABLE (key: temperature-var)
2025-03-31 01:37:33,128 - INFO - Lấy dữ liệu feed temperature-var từ 2023-03-30T00:00:00+00:00 đến 2023-03-30T23:59:59.999999+00:00
2025-03-31 01:37:34,055 - INFO - Đã lấy được 0 điểm dữ liệu từ feed temperature-var cho ngày 2023-03-30
2025-03-31 01:37:34,056 - INFO - Không có dữ liệu từ feed temperature-var
2025-03-31 01:37:34,056 - INFO - Đã lưu 0/0 bản ghi từ feed TEMPERATURE_VARIABLE
2025-03-31 01:37:34,561 - INFO - Đang xử lý feed: YOLO_FAN_MODE_SELECT (key: yolo-fan-mode-select)
2025-03-31 01:37:34,562 - INFO - Lấy dữ liệu feed yolo-fan-mode-select từ 2023-03-30T00:00:00+00:00 đến 2023-03-30T23:59:59.999999+00:00
2025-03-31 01:37:35,488 - INFO - Đã lấy được 0 điểm dữ liệu từ feed yolo-fan-mode-select cho ngày 2023-03-30
2025-03-31 01:37:35,489 - INFO - Không có dữ liệu từ feed yolo-fan-mode-select
2025-03-31 01:37:35,489 - INFO - Đã lưu 0/0 bản ghi từ feed YOLO_FAN_MODE_SELECT
2025-03-31 01:37:35,994 - INFO - Đang xử lý feed: YOLO_FAN_SPEED (key: yolo-fan-speed)
2025-03-31 01:37:35,994 - INFO - Lấy dữ liệu feed yolo-fan-speed từ 2023-03-30T00:00:00+00:00 đến 2023-03-30T23:59:59.999999+00:00
2025-03-31 01:37:36,921 - INFO - Đã lấy được 0 điểm dữ liệu từ feed yolo-fan-speed cho ngày 2023-03-30
2025-03-31 01:37:36,921 - INFO - Không có dữ liệu từ feed yolo-fan-speed
2025-03-31 01:37:36,921 - INFO - Đã lưu 0/0 bản ghi từ feed YOLO_FAN_SPEED
2025-03-31 01:37:37,427 - INFO - Đang xử lý feed: test (key: test)
2025-03-31 01:37:37,427 - INFO - Lấy dữ liệu feed test từ 2023-03-30T00:00:00+00:00 đến 2023-03-30T23:59:59.999999+00:00
2025-03-31 01:37:38,355 - INFO - Đã lấy được 0 điểm dữ liệu từ feed test cho ngày 2023-03-30
2025-03-31 01:37:38,355 - INFO - Không có dữ liệu từ feed test
2025-03-31 01:37:38,355 - INFO - Đã lưu 0/0 bản ghi từ feed test
2025-03-31 01:37:38,860 - INFO - Hoàn thành: Đã lưu tổng cộng 0 bản ghi mới vào database
2025-03-31 01:37:46,990 - INFO - Đang lấy dữ liệu cho ngày: 2025-03-30
2025-03-31 01:37:46,990 - INFO - Chế độ FORCE RELOAD: Bỏ qua kiểm tra trùng lặp, tải lại tất cả dữ liệu
2025-03-31 01:37:47,043 - INFO - Đã kết nối thành công đến database: postgresql://postgres:1234@localhost:5433/iot_db
2025-03-31 01:37:47,043 - INFO - Bắt đầu lấy dữ liệu cho ngày 2025-03-30 với tối đa 50 bản ghi cho mỗi feed
2025-03-31 01:37:48,083 - INFO - Đã lấy được 8 feeds từ Adafruit IO
2025-03-31 01:37:48,083 - INFO - Tìm thấy 8 feeds từ Adafruit IO
2025-03-31 01:37:48,084 - INFO - Đang xử lý feed: LIGHT_VARIABLE (key: light-var)
2025-03-31 01:37:48,084 - INFO - Lấy dữ liệu feed light-var từ 2025-03-30T00:00:00+00:00 đến 2025-03-30T23:59:59.999999+00:00
2025-03-31 01:37:49,005 - INFO - Đã lấy được 0 điểm dữ liệu từ feed light-var cho ngày 2025-03-30
2025-03-31 01:37:49,005 - INFO - Không có dữ liệu từ feed light-var
2025-03-31 01:37:49,006 - INFO - Đã lưu 0/0 bản ghi từ feed LIGHT_VARIABLE
2025-03-31 01:37:49,511 - INFO - Đang xử lý feed: YOLO_TEMP (key: yolo-temp)
2025-03-31 01:37:49,511 - INFO - Lấy dữ liệu feed yolo-temp từ 2025-03-30T00:00:00+00:00 đến 2025-03-30T23:59:59.999999+00:00
2025-03-31 01:37:50,336 - INFO - Đã lấy được 0 điểm dữ liệu từ feed yolo-temp cho ngày 2025-03-30
2025-03-31 01:37:50,336 - INFO - Không có dữ liệu từ feed yolo-temp
2025-03-31 01:37:50,337 - INFO - Đã lưu 0/0 bản ghi từ feed YOLO_TEMP
2025-03-31 01:37:50,843 - INFO - Đang xử lý feed: YOLO_LIGHT (key: yolo-light)
2025-03-31 01:37:50,843 - INFO - Lấy dữ liệu feed yolo-light từ 2025-03-30T00:00:00+00:00 đến 2025-03-30T23:59:59.999999+00:00
2025-03-31 01:37:51,755 - INFO - Đã lấy được 0 điểm dữ liệu từ feed yolo-light cho ngày 2025-03-30
2025-03-31 01:37:51,756 - INFO - Không có dữ liệu từ feed yolo-light
2025-03-31 01:37:51,756 - INFO - Đã lưu 0/0 bản ghi từ feed YOLO_LIGHT
2025-03-31 01:37:52,261 - INFO - Đang xử lý feed: YOLO_FAN (key: yolo-fan)
2025-03-31 01:37:52,261 - INFO - Lấy dữ liệu feed yolo-fan từ 2025-03-30T00:00:00+00:00 đến 2025-03-30T23:59:59.999999+00:00
2025-03-31 01:37:53,203 - INFO - Đã lấy được 0 điểm dữ liệu từ feed yolo-fan cho ngày 2025-03-30
2025-03-31 01:37:53,203 - INFO - Không có dữ liệu từ feed yolo-fan
2025-03-31 01:37:53,204 - INFO - Đã lưu 0/0 bản ghi từ feed YOLO_FAN
2025-03-31 01:37:53,709 - INFO - Đang xử lý feed: TEMPERATURE_VARIABLE (key: temperature-var)
2025-03-31 01:37:53,709 - INFO - Lấy dữ liệu feed temperature-var từ 2025-03-30T00:00:00+00:00 đến 2025-03-30T23:59:59.999999+00:00
2025-03-31 01:37:54,635 - INFO - Đã lấy được 0 điểm dữ liệu từ feed temperature-var cho ngày 2025-03-30
2025-03-31 01:37:54,635 - INFO - Không có dữ liệu từ feed temperature-var
2025-03-31 01:37:54,635 - INFO - Đã lưu 0/0 bản ghi từ feed TEMPERATURE_VARIABLE
2025-03-31 01:37:55,140 - INFO - Đang xử lý feed: YOLO_FAN_MODE_SELECT (key: yolo-fan-mode-select)
2025-03-31 01:37:55,140 - INFO - Lấy dữ liệu feed yolo-fan-mode-select từ 2025-03-30T00:00:00+00:00 đến 2025-03-30T23:59:59.999999+00:00
2025-03-31 01:37:56,071 - INFO - Đã lấy được 0 điểm dữ liệu từ feed yolo-fan-mode-select cho ngày 2025-03-30
2025-03-31 01:37:56,072 - INFO - Không có dữ liệu từ feed yolo-fan-mode-select
2025-03-31 01:37:56,072 - INFO - Đã lưu 0/0 bản ghi từ feed YOLO_FAN_MODE_SELECT
2025-03-31 01:37:56,579 - INFO - Đang xử lý feed: YOLO_FAN_SPEED (key: yolo-fan-speed)
2025-03-31 01:37:56,582 - INFO - Lấy dữ liệu feed yolo-fan-speed từ 2025-03-30T00:00:00+00:00 đến 2025-03-30T23:59:59.999999+00:00
2025-03-31 01:37:57,431 - INFO - Đã lấy được 0 điểm dữ liệu từ feed yolo-fan-speed cho ngày 2025-03-30
2025-03-31 01:37:57,431 - INFO - Không có dữ liệu từ feed yolo-fan-speed
2025-03-31 01:37:57,431 - INFO - Đã lưu 0/0 bản ghi từ feed YOLO_FAN_SPEED
2025-03-31 01:37:57,936 - INFO - Đang xử lý feed: test (key: test)
2025-03-31 01:37:57,936 - INFO - Lấy dữ liệu feed test từ 2025-03-30T00:00:00+00:00 đến 2025-03-30T23:59:59.999999+00:00
2025-03-31 01:37:58,771 - INFO - Đã lấy được 9 điểm dữ liệu từ feed test cho ngày 2025-03-30
2025-03-31 01:37:58,772 - ERROR - Lỗi khi kiểm tra thiết bị: The argument passed to Dialect.has_table() should be a <class 'sqlalchemy.engine.base.Connection'>, got <class 'sqlalchemy.engine.base.Engine'>. Additionally, the Dialect.has_table() method is for internal dialect use only; please use ``inspect(some_engine).has_table(<tablename>>)`` for public API use.
2025-03-31 01:37:58,783 - INFO - Đã lưu 9 điểm dữ liệu mới vào database từ feed test
2025-03-31 01:37:58,783 - INFO - Đã lưu 9/9 bản ghi từ feed test
2025-03-31 01:37:59,289 - INFO - Hoàn thành: Đã lưu tổng cộng 9 bản ghi mới vào database
